This is pdfTeX, Version 3.14159265-2.6-1.40.17 (TeX Live 2016) (preloaded format=pdflatex 2016.5.22)  11 MAR 2017 15:31
entering extended mode
 restricted \write18 enabled.
 %&-line parsing enabled.
**final_report.tex
(./final_report.tex
LaTeX2e <2016/03/31>
Babel <3.9r> and hyphenation patterns for 83 language(s) loaded.
(/usr/local/texlive/2016/texmf-dist/tex/latex/base/article.cls
Document Class: article 2014/09/29 v1.4h Standard LaTeX document class
(/usr/local/texlive/2016/texmf-dist/tex/latex/base/size10.clo
File: size10.clo 2014/09/29 v1.4h Standard LaTeX file (size option)
)
\c@part=\count79
\c@section=\count80
\c@subsection=\count81
\c@subsubsection=\count82
\c@paragraph=\count83
\c@subparagraph=\count84
\c@figure=\count85
\c@table=\count86
\abovecaptionskip=\skip41
\belowcaptionskip=\skip42
\bibindent=\dimen102
)
(/usr/local/texlive/2016/texmf-dist/tex/latex/relsize/relsize.sty
Package: relsize 2013/03/29 ver 4.1
)
(/usr/local/texlive/2016/texmf-dist/tex/latex/base/makeidx.sty
Package: makeidx 2014/09/29 v1.0m Standard LaTeX package
)
(/usr/local/texlive/2016/texmf-dist/tex/latex/graphics/color.sty
Package: color 2016/05/09 v1.1c Standard LaTeX Color (DPC)

(/usr/local/texlive/2016/texmf-dist/tex/latex/graphics-cfg/color.cfg
File: color.cfg 2016/01/02 v1.6 sample color configuration
)
Package color Info: Driver file: pdftex.def on input line 144.

(/usr/local/texlive/2016/texmf-dist/tex/latex/pdftex-def/pdftex.def
File: pdftex.def 2011/05/27 v0.06d Graphics/color for pdfTeX

(/usr/local/texlive/2016/texmf-dist/tex/generic/oberdiek/infwarerr.sty
Package: infwarerr 2016/05/16 v1.4 Providing info/warning/error messages (HO)
)
(/usr/local/texlive/2016/texmf-dist/tex/generic/oberdiek/ltxcmds.sty
Package: ltxcmds 2016/05/16 v1.23 LaTeX kernel commands for general use (HO)
)
\Gread@gobject=\count87
))
(/usr/local/texlive/2016/texmf-dist/tex/latex/setspace/setspace.sty
Package: setspace 2011/12/19 v6.7a set line spacing
)
(/usr/local/texlive/2016/texmf-dist/tex/latex/amsmath/amsmath.sty
Package: amsmath 2016/03/10 v2.15b AMS math features
\@mathmargin=\skip43

For additional information on amsmath, use the `?' option.
(/usr/local/texlive/2016/texmf-dist/tex/latex/amsmath/amstext.sty
Package: amstext 2000/06/29 v2.01 AMS text

(/usr/local/texlive/2016/texmf-dist/tex/latex/amsmath/amsgen.sty
File: amsgen.sty 1999/11/30 v2.0 generic functions
\@emptytoks=\toks14
\ex@=\dimen103
))
(/usr/local/texlive/2016/texmf-dist/tex/latex/amsmath/amsbsy.sty
Package: amsbsy 1999/11/29 v1.2d Bold Symbols
\pmbraise@=\dimen104
)
(/usr/local/texlive/2016/texmf-dist/tex/latex/amsmath/amsopn.sty
Package: amsopn 2016/03/08 v2.02 operator names
)
\inf@bad=\count88
LaTeX Info: Redefining \frac on input line 199.
\uproot@=\count89
\leftroot@=\count90
LaTeX Info: Redefining \overline on input line 297.
\classnum@=\count91
\DOTSCASE@=\count92
LaTeX Info: Redefining \ldots on input line 394.
LaTeX Info: Redefining \dots on input line 397.
LaTeX Info: Redefining \cdots on input line 518.
\Mathstrutbox@=\box26
\strutbox@=\box27
\big@size=\dimen105
LaTeX Font Info:    Redeclaring font encoding OML on input line 634.
LaTeX Font Info:    Redeclaring font encoding OMS on input line 635.
\macc@depth=\count93
\c@MaxMatrixCols=\count94
\dotsspace@=\muskip10
\c@parentequation=\count95
\dspbrk@lvl=\count96
\tag@help=\toks15
\row@=\count97
\column@=\count98
\maxfields@=\count99
\andhelp@=\toks16
\eqnshift@=\dimen106
\alignsep@=\dimen107
\tagshift@=\dimen108
\tagwidth@=\dimen109
\totwidth@=\dimen110
\lineht@=\dimen111
\@envbody=\toks17
\multlinegap=\skip44
\multlinetaggap=\skip45
\mathdisplay@stack=\toks18
LaTeX Info: Redefining \[ on input line 2739.
LaTeX Info: Redefining \] on input line 2740.
)
(/usr/local/texlive/2016/texmf-dist/tex/latex/amsfonts/amsfonts.sty
Package: amsfonts 2013/01/14 v3.01 Basic AMSFonts support
\symAMSa=\mathgroup4
\symAMSb=\mathgroup5
LaTeX Font Info:    Overwriting math alphabet `\mathfrak' in version `bold'
(Font)                  U/euf/m/n --> U/euf/b/n on input line 106.
)
(/usr/local/texlive/2016/texmf-dist/tex/latex/amsfonts/amssymb.sty
Package: amssymb 2013/01/14 v3.01 AMS font symbols
)
(/usr/local/texlive/2016/texmf-dist/tex/latex/xcolor/xcolor.sty
Package: xcolor 2016/05/11 v2.12 LaTeX color extensions (UK)

(/usr/local/texlive/2016/texmf-dist/tex/latex/graphics-cfg/color.cfg
File: color.cfg 2016/01/02 v1.6 sample color configuration
)
Package xcolor Info: Driver file: pdftex.def on input line 225.

(/usr/local/texlive/2016/texmf-dist/tex/latex/colortbl/colortbl.sty
Package: colortbl 2012/02/13 v1.0a Color table columns (DPC)

(/usr/local/texlive/2016/texmf-dist/tex/latex/tools/array.sty
Package: array 2014/10/28 v2.4c Tabular extension package (FMi)
\col@sep=\dimen112
\extrarowheight=\dimen113
\NC@list=\toks19
\extratabsurround=\skip46
\backup@length=\skip47
)
\everycr=\toks20
\minrowclearance=\skip48
)
LaTeX Info: Redefining \color on input line 709.
\rownum=\count100
Package xcolor Info: Model `cmy' substituted by `cmy0' on input line 1348.
Package xcolor Info: Model `hsb' substituted by `rgb' on input line 1352.
Package xcolor Info: Model `RGB' extended on input line 1364.
Package xcolor Info: Model `HTML' substituted by `rgb' on input line 1366.
Package xcolor Info: Model `Hsb' substituted by `hsb' on input line 1367.
Package xcolor Info: Model `tHsb' substituted by `hsb' on input line 1368.
Package xcolor Info: Model `HSB' substituted by `hsb' on input line 1369.
Package xcolor Info: Model `Gray' substituted by `gray' on input line 1370.
Package xcolor Info: Model `wave' substituted by `hsb' on input line 1371.
)
(/usr/local/texlive/2016/texmf-dist/tex/latex/tools/bm.sty
Package: bm 2016/02/27 v1.2a Bold Symbol Support (DPC/FMi)
\symboldoperators=\mathgroup6
\symboldletters=\mathgroup7
\symboldsymbols=\mathgroup8
LaTeX Font Info:    Redeclaring math alphabet \mathbf on input line 142.
LaTeX Info: Redefining \bm on input line 208.
)
(/usr/local/texlive/2016/texmf-dist/tex/latex/ltablex/ltablex.sty
Package: ltablex 2014/08/13 v1.1 Modified tabularx

(/usr/local/texlive/2016/texmf-dist/tex/latex/tools/longtable.sty
Package: longtable 2014/10/28 v4.11 Multi-page Table package (DPC)
\LTleft=\skip49
\LTright=\skip50
\LTpre=\skip51
\LTpost=\skip52
\LTchunksize=\count101
\LTcapwidth=\dimen114
\LT@head=\box28
\LT@firsthead=\box29
\LT@foot=\box30
\LT@lastfoot=\box31
\LT@cols=\count102
\LT@rows=\count103
\c@LT@tables=\count104
\c@LT@chunks=\count105
\LT@p@ftn=\toks21
)
(/usr/local/texlive/2016/texmf-dist/tex/latex/tools/tabularx.sty
Package: tabularx 2016/02/03 v2.11 `tabularx' package (DPC)
\TX@col@width=\dimen115
\TX@old@table=\dimen116
\TX@old@col=\dimen117
\TX@target=\dimen118
\TX@delta=\dimen119
\TX@cols=\count106
\TX@ftn=\toks22
))
(/usr/local/texlive/2016/texmf-dist/tex/latex/microtype/microtype.sty
Package: microtype 2016/05/14 v2.6a Micro-typographical refinements (RS)

(/usr/local/texlive/2016/texmf-dist/tex/latex/graphics/keyval.sty
Package: keyval 2014/10/28 v1.15 key=value parser (DPC)
\KV@toks@=\toks23
)
\MT@toks=\toks24
\MT@count=\count107
LaTeX Info: Redefining \textls on input line 774.
\MT@outer@kern=\dimen120
LaTeX Info: Redefining \textmicrotypecontext on input line 1310.
\MT@listname@count=\count108

(/usr/local/texlive/2016/texmf-dist/tex/latex/microtype/microtype-pdftex.def
File: microtype-pdftex.def 2016/05/14 v2.6a Definitions specific to pdftex (RS)

LaTeX Info: Redefining \lsstyle on input line 916.
LaTeX Info: Redefining \lslig on input line 916.
\MT@outer@space=\skip53
)
Package microtype Info: Loading configuration file microtype.cfg.

(/usr/local/texlive/2016/texmf-dist/tex/latex/microtype/microtype.cfg
File: microtype.cfg 2016/05/14 v2.6a microtype main configuration file (RS)
))
(/usr/local/texlive/2016/texmf-dist/tex/latex/placeins/placeins.sty
Package: placeins 2005/04/18  v 2.2
)
(/usr/local/texlive/2016/texmf-dist/tex/latex/listings/listings.sty
\lst@mode=\count109
\lst@gtempboxa=\box32
\lst@token=\toks25
\lst@length=\count110
\lst@currlwidth=\dimen121
\lst@column=\count111
\lst@pos=\count112
\lst@lostspace=\dimen122
\lst@width=\dimen123
\lst@newlines=\count113
\lst@lineno=\count114
\lst@maxwidth=\dimen124

(/usr/local/texlive/2016/texmf-dist/tex/latex/listings/lstmisc.sty
File: lstmisc.sty 2015/06/04 1.6 (Carsten Heinz)
\c@lstnumber=\count115
\lst@skipnumbers=\count116
\lst@framebox=\box33
)
(/usr/local/texlive/2016/texmf-dist/tex/latex/listings/listings.cfg
File: listings.cfg 2015/06/04 1.6 listings configuration
))
Package: listings 2015/06/04 1.6 (Carsten Heinz)

(/usr/local/texlive/2016/texmf-dist/tex/latex/geometry/geometry.sty
Package: geometry 2010/09/12 v5.6 Page Geometry

(/usr/local/texlive/2016/texmf-dist/tex/generic/oberdiek/ifpdf.sty
Package: ifpdf 2016/05/14 v3.1 Provides the ifpdf switch
)
(/usr/local/texlive/2016/texmf-dist/tex/generic/oberdiek/ifvtex.sty
Package: ifvtex 2016/05/16 v1.6 Detect VTeX and its facilities (HO)
Package ifvtex Info: VTeX not detected.
)
(/usr/local/texlive/2016/texmf-dist/tex/generic/ifxetex/ifxetex.sty
Package: ifxetex 2010/09/12 v0.6 Provides ifxetex conditional
)
\Gm@cnth=\count117
\Gm@cntv=\count118
\c@Gm@tempcnt=\count119
\Gm@bindingoffset=\dimen125
\Gm@wd@mp=\dimen126
\Gm@odd@mp=\dimen127
\Gm@even@mp=\dimen128
\Gm@layoutwidth=\dimen129
\Gm@layoutheight=\dimen130
\Gm@layouthoffset=\dimen131
\Gm@layoutvoffset=\dimen132
\Gm@dimlist=\toks26
)
(/usr/local/texlive/2016/texmf-dist/tex/latex/graphics/graphicx.sty
Package: graphicx 2014/10/28 v1.0g Enhanced LaTeX Graphics (DPC,SPQR)

(/usr/local/texlive/2016/texmf-dist/tex/latex/graphics/graphics.sty
Package: graphics 2016/05/09 v1.0r Standard LaTeX Graphics (DPC,SPQR)

(/usr/local/texlive/2016/texmf-dist/tex/latex/graphics/trig.sty
Package: trig 2016/01/03 v1.10 sin cos tan (DPC)
)
(/usr/local/texlive/2016/texmf-dist/tex/latex/graphics-cfg/graphics.cfg
File: graphics.cfg 2016/01/02 v1.10 sample graphics configuration
)
Package graphics Info: Driver file: pdftex.def on input line 96.
)
\Gin@req@height=\dimen133
\Gin@req@width=\dimen134
)
(/usr/local/texlive/2016/texmf-dist/tex/latex/oberdiek/epstopdf.sty
Package: epstopdf 2016/05/15 v2.6 Conversion with epstopdf on the fly (HO)

(/usr/local/texlive/2016/texmf-dist/tex/latex/oberdiek/epstopdf-base.sty
Package: epstopdf-base 2016/05/15 v2.6 Base part for package epstopdf

(/usr/local/texlive/2016/texmf-dist/tex/latex/oberdiek/grfext.sty
Package: grfext 2016/05/16 v1.2 Manage graphics extensions (HO)

(/usr/local/texlive/2016/texmf-dist/tex/generic/oberdiek/kvdefinekeys.sty
Package: kvdefinekeys 2016/05/16 v1.4 Define keys (HO)
))
(/usr/local/texlive/2016/texmf-dist/tex/latex/oberdiek/kvoptions.sty
Package: kvoptions 2016/05/16 v3.12 Key value format for package options (HO)

(/usr/local/texlive/2016/texmf-dist/tex/generic/oberdiek/kvsetkeys.sty
Package: kvsetkeys 2016/05/16 v1.17 Key value parser (HO)

(/usr/local/texlive/2016/texmf-dist/tex/generic/oberdiek/etexcmds.sty
Package: etexcmds 2016/05/16 v1.6 Avoid name clashes with e-TeX commands (HO)

(/usr/local/texlive/2016/texmf-dist/tex/generic/oberdiek/ifluatex.sty
Package: ifluatex 2016/05/16 v1.4 Provides the ifluatex switch (HO)
Package ifluatex Info: LuaTeX not detected.
)
Package etexcmds Info: Could not find \expanded.
(etexcmds)             That can mean that you are not using pdfTeX 1.50 or
(etexcmds)             that some package has redefined \expanded.
(etexcmds)             In the latter case, load this package earlier.
)))
(/usr/local/texlive/2016/texmf-dist/tex/generic/oberdiek/pdftexcmds.sty
Package: pdftexcmds 2016/05/10 v0.21 Utility functions of pdfTeX for LuaTeX (HO
)
Package pdftexcmds Info: LuaTeX not detected.
Package pdftexcmds Info: \pdf@primitive is available.
Package pdftexcmds Info: \pdf@ifprimitive is available.
Package pdftexcmds Info: \pdfdraftmode found.
)
Package grfext Info: Graphics extension search list:
(grfext)             [.png,.pdf,.jpg,.mps,.jpeg,.jbig2,.jb2,.PNG,.PDF,.JPG,.JPE
G,.JBIG2,.JB2,.eps]
(grfext)             \AppendGraphicsExtensions on input line 456.

(/usr/local/texlive/2016/texmf-dist/tex/latex/latexconfig/epstopdf-sys.cfg
File: epstopdf-sys.cfg 2010/07/13 v1.3 Configuration of (r)epstopdf for TeX Liv
e
)))
(/usr/local/texlive/2016/texmf-dist/tex/latex/base/inputenc.sty
Package: inputenc 2015/03/17 v1.2c Input encoding file
\inpenc@prehook=\toks27
\inpenc@posthook=\toks28
)
(/usr/local/texlive/2016/texmf-dist/tex/latex/url/url.sty
\Urlmuskip=\muskip11
Package: url 2013/09/16  ver 3.4  Verb mode for urls, etc.
)
(/usr/local/texlive/2016/texmf-dist/tex/latex/blindtext/blindtext.sty
Package: blindtext 2012/01/06 V2.0 blindtext-Package

(/usr/local/texlive/2016/texmf-dist/tex/latex/tools/xspace.sty
Package: xspace 2014/10/28 v1.13 Space after command names (DPC,MH)
)
\c@blindtext=\count120
\c@Blindtext=\count121
\c@blind@countparstart=\count122
\blind@countxx=\count123
\blindtext@numBlindtext=\count124
\blind@countyy=\count125
\c@blindlist=\count126
\c@blindlistlevel=\count127
\c@blindlist@level=\count128
\blind@listitem=\count129
\c@blind@listcount=\count130
\c@blind@levelcount=\count131
\blind@mathformula=\count132
\blind@Mathformula=\count133
\c@blind@randomcount=\count134
\c@blind@randommax=\count135
\c@blind@pangramcount=\count136
\c@blind@pangrammax=\count137
)
(/usr/local/texlive/2016/texmf-dist/tex/latex/mnsymbol/MnSymbol.sty
Package: MnSymbol 2007/01/21 v1.4 support for the MnSymbol font

(/usr/local/texlive/2016/texmf-dist/tex/latex/base/textcomp.sty
Package: textcomp 2005/09/27 v1.99g Standard LaTeX package
Package textcomp Info: Sub-encoding information:
(textcomp)               5 = only ISO-Adobe without \textcurrency
(textcomp)               4 = 5 + \texteuro
(textcomp)               3 = 4 + \textohm
(textcomp)               2 = 3 + \textestimated + \textcurrency
(textcomp)               1 = TS1 - \textcircled - \t
(textcomp)               0 = TS1 (full)
(textcomp)             Font families with sub-encoding setting implement
(textcomp)             only a restricted character set as indicated.
(textcomp)             Family '?' is the default used for unknown fonts.
(textcomp)             See the documentation for details.
Package textcomp Info: Setting ? sub-encoding to TS1/1 on input line 79.

(/usr/local/texlive/2016/texmf-dist/tex/latex/base/ts1enc.def
File: ts1enc.def 2001/06/05 v3.0e (jk/car/fm) Standard LaTeX file
)
LaTeX Info: Redefining \oldstylenums on input line 334.
Package textcomp Info: Setting cmr sub-encoding to TS1/0 on input line 349.
Package textcomp Info: Setting cmss sub-encoding to TS1/0 on input line 350.
Package textcomp Info: Setting cmtt sub-encoding to TS1/0 on input line 351.
Package textcomp Info: Setting cmvtt sub-encoding to TS1/0 on input line 352.
Package textcomp Info: Setting cmbr sub-encoding to TS1/0 on input line 353.
Package textcomp Info: Setting cmtl sub-encoding to TS1/0 on input line 354.
Package textcomp Info: Setting ccr sub-encoding to TS1/0 on input line 355.
Package textcomp Info: Setting ptm sub-encoding to TS1/4 on input line 356.
Package textcomp Info: Setting pcr sub-encoding to TS1/4 on input line 357.
Package textcomp Info: Setting phv sub-encoding to TS1/4 on input line 358.
Package textcomp Info: Setting ppl sub-encoding to TS1/3 on input line 359.
Package textcomp Info: Setting pag sub-encoding to TS1/4 on input line 360.
Package textcomp Info: Setting pbk sub-encoding to TS1/4 on input line 361.
Package textcomp Info: Setting pnc sub-encoding to TS1/4 on input line 362.
Package textcomp Info: Setting pzc sub-encoding to TS1/4 on input line 363.
Package textcomp Info: Setting bch sub-encoding to TS1/4 on input line 364.
Package textcomp Info: Setting put sub-encoding to TS1/5 on input line 365.
Package textcomp Info: Setting uag sub-encoding to TS1/5 on input line 366.
Package textcomp Info: Setting ugq sub-encoding to TS1/5 on input line 367.
Package textcomp Info: Setting ul8 sub-encoding to TS1/4 on input line 368.
Package textcomp Info: Setting ul9 sub-encoding to TS1/4 on input line 369.
Package textcomp Info: Setting augie sub-encoding to TS1/5 on input line 370.
Package textcomp Info: Setting dayrom sub-encoding to TS1/3 on input line 371.
Package textcomp Info: Setting dayroms sub-encoding to TS1/3 on input line 372.

Package textcomp Info: Setting pxr sub-encoding to TS1/0 on input line 373.
Package textcomp Info: Setting pxss sub-encoding to TS1/0 on input line 374.
Package textcomp Info: Setting pxtt sub-encoding to TS1/0 on input line 375.
Package textcomp Info: Setting txr sub-encoding to TS1/0 on input line 376.
Package textcomp Info: Setting txss sub-encoding to TS1/0 on input line 377.
Package textcomp Info: Setting txtt sub-encoding to TS1/0 on input line 378.
Package textcomp Info: Setting lmr sub-encoding to TS1/0 on input line 379.
Package textcomp Info: Setting lmdh sub-encoding to TS1/0 on input line 380.
Package textcomp Info: Setting lmss sub-encoding to TS1/0 on input line 381.
Package textcomp Info: Setting lmssq sub-encoding to TS1/0 on input line 382.
Package textcomp Info: Setting lmvtt sub-encoding to TS1/0 on input line 383.
Package textcomp Info: Setting lmtt sub-encoding to TS1/0 on input line 384.
Package textcomp Info: Setting qhv sub-encoding to TS1/0 on input line 385.
Package textcomp Info: Setting qag sub-encoding to TS1/0 on input line 386.
Package textcomp Info: Setting qbk sub-encoding to TS1/0 on input line 387.
Package textcomp Info: Setting qcr sub-encoding to TS1/0 on input line 388.
Package textcomp Info: Setting qcs sub-encoding to TS1/0 on input line 389.
Package textcomp Info: Setting qpl sub-encoding to TS1/0 on input line 390.
Package textcomp Info: Setting qtm sub-encoding to TS1/0 on input line 391.
Package textcomp Info: Setting qzc sub-encoding to TS1/0 on input line 392.
Package textcomp Info: Setting qhvc sub-encoding to TS1/0 on input line 393.
Package textcomp Info: Setting futs sub-encoding to TS1/4 on input line 394.
Package textcomp Info: Setting futx sub-encoding to TS1/4 on input line 395.
Package textcomp Info: Setting futj sub-encoding to TS1/4 on input line 396.
Package textcomp Info: Setting hlh sub-encoding to TS1/3 on input line 397.
Package textcomp Info: Setting hls sub-encoding to TS1/3 on input line 398.
Package textcomp Info: Setting hlst sub-encoding to TS1/3 on input line 399.
Package textcomp Info: Setting hlct sub-encoding to TS1/5 on input line 400.
Package textcomp Info: Setting hlx sub-encoding to TS1/5 on input line 401.
Package textcomp Info: Setting hlce sub-encoding to TS1/5 on input line 402.
Package textcomp Info: Setting hlcn sub-encoding to TS1/5 on input line 403.
Package textcomp Info: Setting hlcw sub-encoding to TS1/5 on input line 404.
Package textcomp Info: Setting hlcf sub-encoding to TS1/5 on input line 405.
Package textcomp Info: Setting pplx sub-encoding to TS1/3 on input line 406.
Package textcomp Info: Setting pplj sub-encoding to TS1/3 on input line 407.
Package textcomp Info: Setting ptmx sub-encoding to TS1/4 on input line 408.
Package textcomp Info: Setting ptmj sub-encoding to TS1/4 on input line 409.
)
LaTeX Info: Redefining \dagger on input line 84.
LaTeX Info: Redefining \ddagger on input line 84.
LaTeX Info: Redefining \mathparagraph on input line 84.
LaTeX Info: Redefining \mathsection on input line 84.
LaTeX Info: Redefining \mathdollar on input line 84.
LaTeX Info: Redefining \mathsterling on input line 84.
LaTeX Info: Redefining \yen on input line 84.
LaTeX Info: Redefining \circledR on input line 84.
LaTeX Info: Redefining \circledS on input line 84.
LaTeX Info: Redefining \Re on input line 84.
LaTeX Info: Redefining \Im on input line 84.
LaTeX Info: Redefining \dotplus on input line 84.
LaTeX Info: Redefining \thicksim on input line 84.
LaTeX Info: Redefining \thickapprox on input line 84.
LaTeX Info: Redefining \veebar on input line 84.
LaTeX Info: Redefining \barwedge on input line 84.
LaTeX Info: Redefining \doublebarwedge on input line 84.
LaTeX Info: Redefining \centerdot on input line 84.
LaTeX Info: Redefining \divideontimes on input line 84.
\symMnSyA=\mathgroup9
\symMnSyB=\mathgroup10
\symMnSyC=\mathgroup11
\symMnSyD=\mathgroup12
LaTeX Font Info:    Redeclaring symbol font `largesymbols' on input line 119.
LaTeX Font Info:    Overwriting symbol font `largesymbols' in version `normal'
(Font)                  OMX/cmex/m/n --> OMX/MnSymbolE/m/n on input line 119.
LaTeX Font Info:    Overwriting symbol font `largesymbols' in version `bold'
(Font)                  OMX/cmex/m/n --> OMX/MnSymbolE/m/n on input line 119.
LaTeX Font Info:    Redeclaring symbol font `symbols' on input line 120.
LaTeX Font Info:    Encoding `OMS' has changed to `U' for symbol font
(Font)              `symbols' in the math version `normal' on input line 120.
LaTeX Font Info:    Overwriting symbol font `symbols' in version `normal'
(Font)                  OMS/cmsy/m/n --> U/MnSymbolF/m/n on input line 120.
LaTeX Font Info:    Encoding `OMS' has changed to `U' for symbol font
(Font)              `symbols' in the math version `bold' on input line 120.
LaTeX Font Info:    Overwriting symbol font `symbols' in version `bold'
(Font)                  OMS/cmsy/b/n --> U/MnSymbolF/m/n on input line 120.
LaTeX Font Info:    Overwriting symbol font `MnSyA' in version `bold'
(Font)                  U/MnSymbolA/m/n --> U/MnSymbolA/b/n on input line 121.
LaTeX Font Info:    Overwriting symbol font `MnSyB' in version `bold'
(Font)                  U/MnSymbolB/m/n --> U/MnSymbolB/b/n on input line 122.
LaTeX Font Info:    Overwriting symbol font `MnSyC' in version `bold'
(Font)                  U/MnSymbolC/m/n --> U/MnSymbolC/b/n on input line 123.
LaTeX Font Info:    Overwriting symbol font `MnSyD' in version `bold'
(Font)                  U/MnSymbolD/m/n --> U/MnSymbolD/b/n on input line 124.
LaTeX Font Info:    Overwriting symbol font `largesymbols' in version `bold'
(Font)                  OMX/MnSymbolE/m/n --> OMX/MnSymbolE/b/n on input line 1
25.
LaTeX Font Info:    Overwriting symbol font `symbols' in version `bold'
(Font)                  U/MnSymbolF/m/n --> U/MnSymbolF/b/n on input line 126.
LaTeX Font Info:    Redeclaring math alphabet \mathcal on input line 241.
LaTeX Font Info:    Overwriting math alphabet `\mathcal' in version `bold'
(Font)                  OMS/MnSymbolS/m/n --> OMS/MnSymbolS/b/n on input line 2
41.
LaTeX Info: Redefining \longrightarrow on input line 548.
LaTeX Info: Redefining \longleftarrow on input line 549.
LaTeX Info: Redefining \longleftrightarrow on input line 550.
LaTeX Info: Redefining \Longrightarrow on input line 551.
LaTeX Info: Redefining \Longleftarrow on input line 552.
LaTeX Info: Redefining \Longleftrightarrow on input line 553.
LaTeX Info: Redefining \longmapsto on input line 554.
LaTeX Info: Redefining \vdots on input line 868.
LaTeX Font Info:    Redeclaring math symbol \braceld on input line 1721.
LaTeX Font Info:    Redeclaring math symbol \bracelu on input line 1722.
LaTeX Font Info:    Redeclaring math symbol \bracerd on input line 1723.
LaTeX Font Info:    Redeclaring math symbol \braceru on input line 1724.
LaTeX Info: Redefining \downbracefill on input line 1799.
LaTeX Info: Redefining \upbracefill on input line 1800.
LaTeX Info: Redefining \overbrace on input line 1819.
LaTeX Info: Redefining \underbrace on input line 1820.
LaTeX Info: Redefining \surd on input line 1843.
LaTeX Font Info:    Redeclaring math accent \widehat on input line 1845.
LaTeX Font Info:    Redeclaring math accent \widetilde on input line 1846.
LaTeX Font Info:    Redeclaring math accent \vec on input line 1848.
)
(/usr/local/texlive/2016/texmf-dist/tex/latex/wasysym/wasysym.sty
Package: wasysym 2003/10/30 v2.0 Wasy-2 symbol support package
\symwasy=\mathgroup13
LaTeX Font Info:    Overwriting symbol font `wasy' in version `bold'
(Font)                  U/wasy/m/n --> U/wasy/b/n on input line 90.
LaTeX Font Info:    Redeclaring math symbol \invneg on input line 239.
)
(/usr/local/texlive/2016/texmf-dist/tex/latex/pdfpages/pdfpages.sty
Package: pdfpages 2016/04/19 v0.5f Insert pages of external PDF documents (AM)

(/usr/local/texlive/2016/texmf-dist/tex/latex/base/ifthen.sty
Package: ifthen 2014/09/29 v1.1c Standard LaTeX ifthen package (DPC)
)
(/usr/local/texlive/2016/texmf-dist/tex/latex/tools/calc.sty
Package: calc 2014/10/28 v4.3 Infix arithmetic (KKT,FJ)
\calc@Acount=\count138
\calc@Bcount=\count139
\calc@Adimen=\dimen135
\calc@Bdimen=\dimen136
\calc@Askip=\skip54
\calc@Bskip=\skip55
LaTeX Info: Redefining \setlength on input line 80.
LaTeX Info: Redefining \addtolength on input line 81.
\calc@Ccount=\count140
\calc@Cskip=\skip56
)
(/usr/local/texlive/2016/texmf-dist/tex/latex/eso-pic/eso-pic.sty
Package: eso-pic 2015/07/21 v2.0g eso-pic (RN)

(/usr/local/texlive/2016/texmf-dist/tex/generic/oberdiek/atbegshi.sty
Package: atbegshi 2016/05/16 v1.17 At begin shipout hook (HO)
))
\AM@pagewidth=\dimen137
\AM@pageheight=\dimen138

(/usr/local/texlive/2016/texmf-dist/tex/latex/pdfpages/pppdftex.def
File: pppdftex.def 2016/04/19 v0.5f Pdfpages driver for pdfTeX (AM)
)
\AM@pagebox=\box34
\AM@global@opts=\toks29
\AM@toc@title=\toks30
\c@AM@survey=\count141
\AM@templatesizebox=\box35
)
(./final_report.aux)
\openout1 = `final_report.aux'.

LaTeX Font Info:    Checking defaults for OML/cmm/m/it on input line 23.
LaTeX Font Info:    ... okay on input line 23.
LaTeX Font Info:    Checking defaults for T1/cmr/m/n on input line 23.
LaTeX Font Info:    ... okay on input line 23.
LaTeX Font Info:    Checking defaults for OT1/cmr/m/n on input line 23.
LaTeX Font Info:    ... okay on input line 23.
LaTeX Font Info:    Checking defaults for OMS/cmsy/m/n on input line 23.
LaTeX Font Info:    ... okay on input line 23.
LaTeX Font Info:    Checking defaults for OMX/cmex/m/n on input line 23.
LaTeX Font Info:    ... okay on input line 23.
LaTeX Font Info:    Checking defaults for U/cmr/m/n on input line 23.
LaTeX Font Info:    ... okay on input line 23.
LaTeX Font Info:    Checking defaults for TS1/cmr/m/n on input line 23.
LaTeX Font Info:    Try loading font information for TS1+cmr on input line 23.

(/usr/local/texlive/2016/texmf-dist/tex/latex/base/ts1cmr.fd
File: ts1cmr.fd 2014/09/29 v2.5h Standard LaTeX font definitions
)
LaTeX Font Info:    ... okay on input line 23.

(/usr/local/texlive/2016/texmf-dist/tex/context/base/mkii/supp-pdf.mkii
[Loading MPS to PDF converter (version 2006.09.02).]
\scratchcounter=\count142
\scratchdimen=\dimen139
\scratchbox=\box36
\nofMPsegments=\count143
\nofMParguments=\count144
\everyMPshowfont=\toks31
\MPscratchCnt=\count145
\MPscratchDim=\dimen140
\MPnumerator=\count146
\makeMPintoPDFobject=\count147
\everyMPtoPDFconversion=\toks32
)
LaTeX Info: Redefining \microtypecontext on input line 23.
Package microtype Info: Generating PDF output.
Package microtype Info: Character protrusion enabled (level 2).
Package microtype Info: Using default protrusion set `alltext'.
Package microtype Info: Automatic font expansion enabled (level 2),
(microtype)             stretch: 20, shrink: 20, step: 1, non-selected.
Package microtype Info: Using default expansion set `basictext'.
Package microtype Info: No adjustment of tracking.
Package microtype Info: No adjustment of interword spacing.
Package microtype Info: No adjustment of character kerning.
 (/usr/local/texlive/2016/texmf-dist/tex/latex/microtype/mt-cmr.cfg
File: mt-cmr.cfg 2013/05/19 v2.2 microtype config. file: Computer Modern Roman 
(RS)
)
\c@lstlisting=\count148

*geometry* driver: auto-detecting
*geometry* detected driver: pdftex
*geometry* verbose mode - [ preamble ] result:
* driver: pdftex
* paper: <default>
* layout: <same size as paper>
* layoutoffset:(h,v)=(0.0pt,0.0pt)
* modes: 
* h-part:(L,W,R)=(72.26999pt, 469.75502pt, 72.26999pt)
* v-part:(T,H,B)=(72.26999pt, 650.43001pt, 72.26999pt)
* \paperwidth=614.295pt
* \paperheight=794.96999pt
* \textwidth=469.75502pt
* \textheight=650.43001pt
* \oddsidemargin=0.0pt
* \evensidemargin=0.0pt
* \topmargin=-37.0pt
* \headheight=12.0pt
* \headsep=25.0pt
* \topskip=10.0pt
* \footskip=30.0pt
* \marginparwidth=65.0pt
* \marginparsep=11.0pt
* \columnsep=10.0pt
* \skip\footins=9.0pt plus 4.0pt minus 2.0pt
* \hoffset=0.0pt
* \voffset=0.0pt
* \mag=1000
* \@twocolumnfalse
* \@twosidefalse
* \@mparswitchfalse
* \@reversemarginfalse
* (1in=72.27pt=25.4mm, 1cm=28.453pt)

\AtBeginShipoutBox=\box37
(/usr/local/texlive/2016/texmf-dist/tex/latex/oberdiek/pdflscape.sty
Package: pdflscape 2016/05/14 v0.11 Display of landscape pages in PDF (HO)

(/usr/local/texlive/2016/texmf-dist/tex/latex/graphics/lscape.sty
Package: lscape 2000/10/22 v3.01 Landscape Pages (DPC)
)
Package pdflscape Info: Auto-detected driver: pdftex on input line 81.
)
LaTeX Font Info:    Try loading font information for U+wasy on input line 24.

(/usr/local/texlive/2016/texmf-dist/tex/latex/wasysym/uwasy.fd
File: uwasy.fd 2003/10/30 v2.0 Wasy-2 symbol font definitions
)
LaTeX Font Info:    Try loading font information for U+msa on input line 24.

(/usr/local/texlive/2016/texmf-dist/tex/latex/amsfonts/umsa.fd
File: umsa.fd 2013/01/14 v3.01 AMS symbols A
)
(/usr/local/texlive/2016/texmf-dist/tex/latex/microtype/mt-msa.cfg
File: mt-msa.cfg 2006/02/04 v1.1 microtype config. file: AMS symbols (a) (RS)
)
LaTeX Font Info:    Try loading font information for U+msb on input line 24.

(/usr/local/texlive/2016/texmf-dist/tex/latex/amsfonts/umsb.fd
File: umsb.fd 2013/01/14 v3.01 AMS symbols B
)
(/usr/local/texlive/2016/texmf-dist/tex/latex/microtype/mt-msb.cfg
File: mt-msb.cfg 2005/06/01 v1.0 microtype config. file: AMS symbols (b) (RS)
) [1

{/usr/local/texlive/2016/texmf-var/fonts/map/pdftex/updmap/pdftex.map}] [2]
Underfull \hbox (badness 10000) in paragraph at lines 194--199

 []

[3]
Underfull \hbox (badness 10000) in paragraph at lines 206--211

 []

[4]
Underfull \hbox (badness 10000) in paragraph at lines 255--271

 []


Underfull \hbox (badness 10000) in paragraph at lines 255--271

 []


Underfull \hbox (badness 10000) in paragraph at lines 255--271

 []


Underfull \hbox (badness 10000) in paragraph at lines 255--271

 []


Underfull \hbox (badness 10000) in paragraph at lines 255--271

 []


Underfull \hbox (badness 10000) in paragraph at lines 255--271

 []


Underfull \hbox (badness 10000) in paragraph at lines 273--278

 []


Underfull \hbox (badness 10000) in paragraph at lines 273--278

 []


Underfull \hbox (badness 10000) in paragraph at lines 280--283

 []

[5]
Underfull \hbox (badness 10000) in paragraph at lines 296--304

 []


Underfull \hbox (badness 10000) in paragraph at lines 296--304

 []


Underfull \hbox (badness 10000) in paragraph at lines 296--304

 []


Underfull \hbox (badness 10000) in paragraph at lines 296--304

 []

[6] [7]
Underfull \hbox (badness 10000) in paragraph at lines 356--367

 []


Underfull \hbox (badness 10000) in paragraph at lines 356--367

 []


Underfull \hbox (badness 10000) in paragraph at lines 356--367

 []


Underfull \hbox (badness 10000) in paragraph at lines 356--367

 []


Underfull \hbox (badness 10000) in paragraph at lines 356--367

 []


Underfull \hbox (badness 10000) in paragraph at lines 356--367

 []


Underfull \hbox (badness 10000) in paragraph at lines 369--376

 []


Underfull \hbox (badness 10000) in paragraph at lines 369--376

 []


Underfull \hbox (badness 10000) in paragraph at lines 369--376

 []

[8] (/usr/local/texlive/2016/texmf-dist/tex/latex/listings/lstlang1.sty
File: lstlang1.sty 2015/06/04 1.6 listings language file
)
Underfull \hbox (badness 10000) in paragraph at lines 408--410

 []

[9]
Underfull \hbox (badness 10000) in paragraph at lines 430--435

 []


Underfull \hbox (badness 10000) in paragraph at lines 430--435

 []


Underfull \hbox (badness 10000) in paragraph at lines 437--442

 []


Underfull \hbox (badness 10000) in paragraph at lines 437--442

 []

[10]
Underfull \hbox (badness 10000) in paragraph at lines 444--449

 []


Underfull \hbox (badness 10000) in paragraph at lines 444--449

 []

Package microtype Info: Loading generic settings for font family
(microtype)             `cmtt' (encoding: OT1).
(microtype)             For optimal results, create family-specific settings.
(microtype)             See the microtype manual for details.
<Project2.pdf, id=54, 614.295pt x 794.97pt>
File: Project2.pdf Graphic file (type pdf)
 <use Project2.pdf>
Package pdftex.def Info: Project2.pdf used on input line 463.
(pdftex.def)             Requested size: 614.29349pt x 794.96806pt.
File: Project2.pdf Graphic file (type pdf)

<use Project2.pdf>
Package pdftex.def Info: Project2.pdf used on input line 463.
(pdftex.def)             Requested size: 614.29349pt x 794.96806pt.
 <Project2.pdf, id=57, page=1, 614.295pt x 794.97pt>
File: Project2.pdf Graphic file (type pdf)

<use Project2.pdf, page 1>
Package pdftex.def Info: Project2.pdf, page1 used on input line 463.
(pdftex.def)             Requested size: 614.29349pt x 794.96806pt.
File: Project2.pdf Graphic file (type pdf)
 <use Project2.pdf, page 1>
Package pdftex.def Info: Project2.pdf, page1 used on input line 463.
(pdftex.def)             Requested size: 614.58406pt x 795.3441pt.
 [11]
File: Project2.pdf Graphic file (type pdf)

<use Project2.pdf, page 1>
Package pdftex.def Info: Project2.pdf, page1 used on input line 463.
(pdftex.def)             Requested size: 614.58406pt x 795.3441pt.
File: Project2.pdf Graphic file (type pdf)
 <use Project2.pdf, page 1>
Package pdftex.def Info: Project2.pdf, page1 used on input line 463.
(pdftex.def)             Requested size: 614.58406pt x 795.3441pt.
File: Project2.pdf Graphic file (type pdf)

<use Project2.pdf, page 1>
Package pdftex.def Info: Project2.pdf, page1 used on input line 463.
(pdftex.def)             Requested size: 614.58406pt x 795.3441pt.
 [12 <./Project2.pdf

pdfTeX warning: /Library/TeX/texbin/pdflatex (file ./Project2.pdf): PDF inclusi
on: invalid other resource which is no dict (key 'ProcSets', type <array>); ign
ored.
>] <Project2.pdf, id=88, page=2, 614.295pt x 794.97pt>
File: Project2.pdf Graphic file (type pdf)

<use Project2.pdf, page 2>
Package pdftex.def Info: Project2.pdf, page2 used on input line 463.
(pdftex.def)             Requested size: 614.58406pt x 795.3441pt.
File: Project2.pdf Graphic file (type pdf)
 <use Project2.pdf, page 2>
Package pdftex.def Info: Project2.pdf, page2 used on input line 463.
(pdftex.def)             Requested size: 614.58406pt x 795.3441pt.
File: Project2.pdf Graphic file (type pdf)

<use Project2.pdf, page 2>
Package pdftex.def Info: Project2.pdf, page2 used on input line 463.
(pdftex.def)             Requested size: 614.58406pt x 795.3441pt.
 [13 <./Project2.pdf

pdfTeX warning: /Library/TeX/texbin/pdflatex (file ./Project2.pdf): PDF inclusi
on: invalid other resource which is no dict (key 'ProcSets', type <array>); ign
ored.
>] <Project2.pdf, id=108, page=3, 614.295pt x 794.97pt>
File: Project2.pdf Graphic file (type pdf)

<use Project2.pdf, page 3>
Package pdftex.def Info: Project2.pdf, page3 used on input line 463.
(pdftex.def)             Requested size: 614.58406pt x 795.3441pt.
File: Project2.pdf Graphic file (type pdf)
 <use Project2.pdf, page 3>
Package pdftex.def Info: Project2.pdf, page3 used on input line 463.
(pdftex.def)             Requested size: 614.58406pt x 795.3441pt.
File: Project2.pdf Graphic file (type pdf)

<use Project2.pdf, page 3>
Package pdftex.def Info: Project2.pdf, page3 used on input line 463.
(pdftex.def)             Requested size: 614.58406pt x 795.3441pt.
 [14 <./Project2.pdf

pdfTeX warning: /Library/TeX/texbin/pdflatex (file ./Project2.pdf): PDF inclusi
on: invalid other resource which is no dict (key 'ProcSets', type <array>); ign
ored.
>] <Project2.pdf, id=112, page=4, 614.295pt x 794.97pt>
File: Project2.pdf Graphic file (type pdf)

<use Project2.pdf, page 4>
Package pdftex.def Info: Project2.pdf, page4 used on input line 463.
(pdftex.def)             Requested size: 614.58406pt x 795.3441pt.
File: Project2.pdf Graphic file (type pdf)
 <use Project2.pdf, page 4>
Package pdftex.def Info: Project2.pdf, page4 used on input line 463.
(pdftex.def)             Requested size: 614.58406pt x 795.3441pt.
File: Project2.pdf Graphic file (type pdf)

<use Project2.pdf, page 4>
Package pdftex.def Info: Project2.pdf, page4 used on input line 463.
(pdftex.def)             Requested size: 614.58406pt x 795.3441pt.
 [15 <./Project2.pdf

pdfTeX warning: /Library/TeX/texbin/pdflatex (file ./Project2.pdf): PDF inclusi
on: invalid other resource which is no dict (key 'ProcSets', type <array>); ign
ored.
>] <Project2.pdf, id=116, page=5, 614.295pt x 794.97pt>
File: Project2.pdf Graphic file (type pdf)

<use Project2.pdf, page 5>
Package pdftex.def Info: Project2.pdf, page5 used on input line 463.
(pdftex.def)             Requested size: 614.58406pt x 795.3441pt.
File: Project2.pdf Graphic file (type pdf)
 <use Project2.pdf, page 5>
Package pdftex.def Info: Project2.pdf, page5 used on input line 463.
(pdftex.def)             Requested size: 614.58406pt x 795.3441pt.
File: Project2.pdf Graphic file (type pdf)

<use Project2.pdf, page 5>
Package pdftex.def Info: Project2.pdf, page5 used on input line 463.
(pdftex.def)             Requested size: 614.58406pt x 795.3441pt.
 [16 <./Project2.pdf

pdfTeX warning: /Library/TeX/texbin/pdflatex (file ./Project2.pdf): PDF inclusi
on: invalid other resource which is no dict (key 'ProcSets', type <array>); ign
ored.
>] <Project2.pdf, id=120, page=6, 614.295pt x 794.97pt>
File: Project2.pdf Graphic file (type pdf)

<use Project2.pdf, page 6>
Package pdftex.def Info: Project2.pdf, page6 used on input line 463.
(pdftex.def)             Requested size: 614.58406pt x 795.3441pt.
File: Project2.pdf Graphic file (type pdf)
 <use Project2.pdf, page 6>
Package pdftex.def Info: Project2.pdf, page6 used on input line 463.
(pdftex.def)             Requested size: 614.58406pt x 795.3441pt.
File: Project2.pdf Graphic file (type pdf)

<use Project2.pdf, page 6>
Package pdftex.def Info: Project2.pdf, page6 used on input line 463.
(pdftex.def)             Requested size: 614.58406pt x 795.3441pt.
 [17 <./Project2.pdf

pdfTeX warning: /Library/TeX/texbin/pdflatex (file ./Project2.pdf): PDF inclusi
on: invalid other resource which is no dict (key 'ProcSets', type <array>); ign
ored.
>] <Project2.pdf, id=124, page=7, 614.295pt x 794.97pt>
File: Project2.pdf Graphic file (type pdf)

<use Project2.pdf, page 7>
Package pdftex.def Info: Project2.pdf, page7 used on input line 463.
(pdftex.def)             Requested size: 614.58406pt x 795.3441pt.
File: Project2.pdf Graphic file (type pdf)
 <use Project2.pdf, page 7>
Package pdftex.def Info: Project2.pdf, page7 used on input line 463.
(pdftex.def)             Requested size: 614.58406pt x 795.3441pt.
File: Project2.pdf Graphic file (type pdf)

<use Project2.pdf, page 7>
Package pdftex.def Info: Project2.pdf, page7 used on input line 463.
(pdftex.def)             Requested size: 614.58406pt x 795.3441pt.
 [18 <./Project2.pdf

pdfTeX warning: /Library/TeX/texbin/pdflatex (file ./Project2.pdf): PDF inclusi
on: invalid other resource which is no dict (key 'ProcSets', type <array>); ign
ored.
>] <Project2.pdf, id=128, page=8, 614.295pt x 794.97pt>
File: Project2.pdf Graphic file (type pdf)

<use Project2.pdf, page 8>
Package pdftex.def Info: Project2.pdf, page8 used on input line 463.
(pdftex.def)             Requested size: 614.58406pt x 795.3441pt.
File: Project2.pdf Graphic file (type pdf)
 <use Project2.pdf, page 8>
Package pdftex.def Info: Project2.pdf, page8 used on input line 463.
(pdftex.def)             Requested size: 614.58406pt x 795.3441pt.
File: Project2.pdf Graphic file (type pdf)

<use Project2.pdf, page 8>
Package pdftex.def Info: Project2.pdf, page8 used on input line 463.
(pdftex.def)             Requested size: 614.58406pt x 795.3441pt.
 [19 <./Project2.pdf

pdfTeX warning: /Library/TeX/texbin/pdflatex (file ./Project2.pdf): PDF inclusi
on: invalid other resource which is no dict (key 'ProcSets', type <array>); ign
ored.
>] <Project2.pdf, id=133, page=9, 614.295pt x 794.97pt>
File: Project2.pdf Graphic file (type pdf)

<use Project2.pdf, page 9>
Package pdftex.def Info: Project2.pdf, page9 used on input line 463.
(pdftex.def)             Requested size: 614.58406pt x 795.3441pt.
File: Project2.pdf Graphic file (type pdf)
 <use Project2.pdf, page 9>
Package pdftex.def Info: Project2.pdf, page9 used on input line 463.
(pdftex.def)             Requested size: 614.58406pt x 795.3441pt.
File: Project2.pdf Graphic file (type pdf)

<use Project2.pdf, page 9>
Package pdftex.def Info: Project2.pdf, page9 used on input line 463.
(pdftex.def)             Requested size: 614.58406pt x 795.3441pt.
 [20 <./Project2.pdf

pdfTeX warning: /Library/TeX/texbin/pdflatex (file ./Project2.pdf): PDF inclusi
on: invalid other resource which is no dict (key 'ProcSets', type <array>); ign
ored.
>] <Project2.pdf, id=137, page=10, 614.295pt x 794.97pt>
File: Project2.pdf Graphic file (type pdf)

<use Project2.pdf, page 10>
Package pdftex.def Info: Project2.pdf, page10 used on input line 463.
(pdftex.def)             Requested size: 614.58406pt x 795.3441pt.
File: Project2.pdf Graphic file (type pdf)
 <use Project2.pdf, page 10>
Package pdftex.def Info: Project2.pdf, page10 used on input line 463.
(pdftex.def)             Requested size: 614.58406pt x 795.3441pt.
File: Project2.pdf Graphic file (type pdf)

<use Project2.pdf, page 10>
Package pdftex.def Info: Project2.pdf, page10 used on input line 463.
(pdftex.def)             Requested size: 614.58406pt x 795.3441pt.
 [21 <./Project2.pdf

pdfTeX warning: /Library/TeX/texbin/pdflatex (file ./Project2.pdf): PDF inclusi
on: invalid other resource which is no dict (key 'ProcSets', type <array>); ign
ored.
>] <Project2.pdf, id=141, page=11, 614.295pt x 794.97pt>
File: Project2.pdf Graphic file (type pdf)

<use Project2.pdf, page 11>
Package pdftex.def Info: Project2.pdf, page11 used on input line 463.
(pdftex.def)             Requested size: 614.58406pt x 795.3441pt.
File: Project2.pdf Graphic file (type pdf)
 <use Project2.pdf, page 11>
Package pdftex.def Info: Project2.pdf, page11 used on input line 463.
(pdftex.def)             Requested size: 614.58406pt x 795.3441pt.
File: Project2.pdf Graphic file (type pdf)

<use Project2.pdf, page 11>
Package pdftex.def Info: Project2.pdf, page11 used on input line 463.
(pdftex.def)             Requested size: 614.58406pt x 795.3441pt.
 [22 <./Project2.pdf

pdfTeX warning: /Library/TeX/texbin/pdflatex (file ./Project2.pdf): PDF inclusi
on: invalid other resource which is no dict (key 'ProcSets', type <array>); ign
ored.
>] <Project2.pdf, id=145, page=12, 614.295pt x 794.97pt>
File: Project2.pdf Graphic file (type pdf)

<use Project2.pdf, page 12>
Package pdftex.def Info: Project2.pdf, page12 used on input line 463.
(pdftex.def)             Requested size: 614.58406pt x 795.3441pt.
File: Project2.pdf Graphic file (type pdf)
 <use Project2.pdf, page 12>
Package pdftex.def Info: Project2.pdf, page12 used on input line 463.
(pdftex.def)             Requested size: 614.58406pt x 795.3441pt.
File: Project2.pdf Graphic file (type pdf)

<use Project2.pdf, page 12>
Package pdftex.def Info: Project2.pdf, page12 used on input line 463.
(pdftex.def)             Requested size: 614.58406pt x 795.3441pt.
 [23 <./Project2.pdf

pdfTeX warning: /Library/TeX/texbin/pdflatex (file ./Project2.pdf): PDF inclusi
on: invalid other resource which is no dict (key 'ProcSets', type <array>); ign
ored.
>] <Project2.pdf, id=149, page=13, 614.295pt x 794.97pt>
File: Project2.pdf Graphic file (type pdf)

<use Project2.pdf, page 13>
Package pdftex.def Info: Project2.pdf, page13 used on input line 463.
(pdftex.def)             Requested size: 614.58406pt x 795.3441pt.
File: Project2.pdf Graphic file (type pdf)
 <use Project2.pdf, page 13>
Package pdftex.def Info: Project2.pdf, page13 used on input line 463.
(pdftex.def)             Requested size: 614.58406pt x 795.3441pt.
File: Project2.pdf Graphic file (type pdf)

<use Project2.pdf, page 13>
Package pdftex.def Info: Project2.pdf, page13 used on input line 463.
(pdftex.def)             Requested size: 614.58406pt x 795.3441pt.
 [24 <./Project2.pdf

pdfTeX warning: /Library/TeX/texbin/pdflatex (file ./Project2.pdf): PDF inclusi
on: invalid other resource which is no dict (key 'ProcSets', type <array>); ign
ored.
>] <Project2.pdf, id=166, page=14, 614.295pt x 794.97pt>
File: Project2.pdf Graphic file (type pdf)

<use Project2.pdf, page 14>
Package pdftex.def Info: Project2.pdf, page14 used on input line 463.
(pdftex.def)             Requested size: 614.58406pt x 795.3441pt.
File: Project2.pdf Graphic file (type pdf)
 <use Project2.pdf, page 14>
Package pdftex.def Info: Project2.pdf, page14 used on input line 463.
(pdftex.def)             Requested size: 614.58406pt x 795.3441pt.
File: Project2.pdf Graphic file (type pdf)

<use Project2.pdf, page 14>
Package pdftex.def Info: Project2.pdf, page14 used on input line 463.
(pdftex.def)             Requested size: 614.58406pt x 795.3441pt.
 [25 <./Project2.pdf

pdfTeX warning: /Library/TeX/texbin/pdflatex (file ./Project2.pdf): PDF inclusi
on: invalid other resource which is no dict (key 'ProcSets', type <array>); ign
ored.
>] <Project2.pdf, id=171, page=15, 614.295pt x 794.97pt>
File: Project2.pdf Graphic file (type pdf)

<use Project2.pdf, page 15>
Package pdftex.def Info: Project2.pdf, page15 used on input line 463.
(pdftex.def)             Requested size: 614.58406pt x 795.3441pt.
File: Project2.pdf Graphic file (type pdf)
 <use Project2.pdf, page 15>
Package pdftex.def Info: Project2.pdf, page15 used on input line 463.
(pdftex.def)             Requested size: 614.58406pt x 795.3441pt.
File: Project2.pdf Graphic file (type pdf)

<use Project2.pdf, page 15>
Package pdftex.def Info: Project2.pdf, page15 used on input line 463.
(pdftex.def)             Requested size: 614.58406pt x 795.3441pt.
 [26 <./Project2.pdf

pdfTeX warning: /Library/TeX/texbin/pdflatex (file ./Project2.pdf): PDF inclusi
on: invalid other resource which is no dict (key 'ProcSets', type <array>); ign
ored.
>] <Project2.pdf, id=175, page=16, 614.295pt x 794.97pt>
File: Project2.pdf Graphic file (type pdf)

<use Project2.pdf, page 16>
Package pdftex.def Info: Project2.pdf, page16 used on input line 463.
(pdftex.def)             Requested size: 614.58406pt x 795.3441pt.
File: Project2.pdf Graphic file (type pdf)
 <use Project2.pdf, page 16>
Package pdftex.def Info: Project2.pdf, page16 used on input line 463.
(pdftex.def)             Requested size: 614.58406pt x 795.3441pt.
File: Project2.pdf Graphic file (type pdf)

<use Project2.pdf, page 16>
Package pdftex.def Info: Project2.pdf, page16 used on input line 463.
(pdftex.def)             Requested size: 614.58406pt x 795.3441pt.
 [27 <./Project2.pdf

pdfTeX warning: /Library/TeX/texbin/pdflatex (file ./Project2.pdf): PDF inclusi
on: invalid other resource which is no dict (key 'ProcSets', type <array>); ign
ored.
>] <Project2.pdf, id=179, page=17, 614.295pt x 794.97pt>
File: Project2.pdf Graphic file (type pdf)

<use Project2.pdf, page 17>
Package pdftex.def Info: Project2.pdf, page17 used on input line 463.
(pdftex.def)             Requested size: 614.58406pt x 795.3441pt.
File: Project2.pdf Graphic file (type pdf)
 <use Project2.pdf, page 17>
Package pdftex.def Info: Project2.pdf, page17 used on input line 463.
(pdftex.def)             Requested size: 614.58406pt x 795.3441pt.
File: Project2.pdf Graphic file (type pdf)

<use Project2.pdf, page 17>
Package pdftex.def Info: Project2.pdf, page17 used on input line 463.
(pdftex.def)             Requested size: 614.58406pt x 795.3441pt.
 [28 <./Project2.pdf

pdfTeX warning: /Library/TeX/texbin/pdflatex (file ./Project2.pdf): PDF inclusi
on: invalid other resource which is no dict (key 'ProcSets', type <array>); ign
ored.
>] <Project2.pdf, id=183, page=18, 614.295pt x 794.97pt>
File: Project2.pdf Graphic file (type pdf)

<use Project2.pdf, page 18>
Package pdftex.def Info: Project2.pdf, page18 used on input line 463.
(pdftex.def)             Requested size: 614.58406pt x 795.3441pt.
File: Project2.pdf Graphic file (type pdf)
 <use Project2.pdf, page 18>
Package pdftex.def Info: Project2.pdf, page18 used on input line 463.
(pdftex.def)             Requested size: 614.58406pt x 795.3441pt.
File: Project2.pdf Graphic file (type pdf)

<use Project2.pdf, page 18>
Package pdftex.def Info: Project2.pdf, page18 used on input line 463.
(pdftex.def)             Requested size: 614.58406pt x 795.3441pt.
 [29 <./Project2.pdf

pdfTeX warning: /Library/TeX/texbin/pdflatex (file ./Project2.pdf): PDF inclusi
on: invalid other resource which is no dict (key 'ProcSets', type <array>); ign
ored.
>] <Project2.pdf, id=187, page=19, 614.295pt x 794.97pt>
File: Project2.pdf Graphic file (type pdf)

<use Project2.pdf, page 19>
Package pdftex.def Info: Project2.pdf, page19 used on input line 463.
(pdftex.def)             Requested size: 614.58406pt x 795.3441pt.
File: Project2.pdf Graphic file (type pdf)
 <use Project2.pdf, page 19>
Package pdftex.def Info: Project2.pdf, page19 used on input line 463.
(pdftex.def)             Requested size: 614.58406pt x 795.3441pt.
File: Project2.pdf Graphic file (type pdf)

<use Project2.pdf, page 19>
Package pdftex.def Info: Project2.pdf, page19 used on input line 463.
(pdftex.def)             Requested size: 614.58406pt x 795.3441pt.
 [30 <./Project2.pdf

pdfTeX warning: /Library/TeX/texbin/pdflatex (file ./Project2.pdf): PDF inclusi
on: invalid other resource which is no dict (key 'ProcSets', type <array>); ign
ored.
>] <Project2.pdf, id=191, page=20, 614.295pt x 794.97pt>
File: Project2.pdf Graphic file (type pdf)

<use Project2.pdf, page 20>
Package pdftex.def Info: Project2.pdf, page20 used on input line 463.
(pdftex.def)             Requested size: 614.58406pt x 795.3441pt.
File: Project2.pdf Graphic file (type pdf)
 <use Project2.pdf, page 20>
Package pdftex.def Info: Project2.pdf, page20 used on input line 463.
(pdftex.def)             Requested size: 614.58406pt x 795.3441pt.
File: Project2.pdf Graphic file (type pdf)

<use Project2.pdf, page 20>
Package pdftex.def Info: Project2.pdf, page20 used on input line 463.
(pdftex.def)             Requested size: 614.58406pt x 795.3441pt.
 [31 <./Project2.pdf

pdfTeX warning: /Library/TeX/texbin/pdflatex (file ./Project2.pdf): PDF inclusi
on: invalid other resource which is no dict (key 'ProcSets', type <array>); ign
ored.
>] <Project2.pdf, id=196, page=21, 614.295pt x 794.97pt>
File: Project2.pdf Graphic file (type pdf)

<use Project2.pdf, page 21>
Package pdftex.def Info: Project2.pdf, page21 used on input line 463.
(pdftex.def)             Requested size: 614.58406pt x 795.3441pt.
File: Project2.pdf Graphic file (type pdf)
 <use Project2.pdf, page 21>
Package pdftex.def Info: Project2.pdf, page21 used on input line 463.
(pdftex.def)             Requested size: 614.58406pt x 795.3441pt.
File: Project2.pdf Graphic file (type pdf)

<use Project2.pdf, page 21>
Package pdftex.def Info: Project2.pdf, page21 used on input line 463.
(pdftex.def)             Requested size: 614.58406pt x 795.3441pt.
 [32 <./Project2.pdf

pdfTeX warning: /Library/TeX/texbin/pdflatex (file ./Project2.pdf): PDF inclusi
on: invalid other resource which is no dict (key 'ProcSets', type <array>); ign
ored.
>] <Project2.pdf, id=200, page=22, 614.295pt x 794.97pt>
File: Project2.pdf Graphic file (type pdf)

<use Project2.pdf, page 22>
Package pdftex.def Info: Project2.pdf, page22 used on input line 463.
(pdftex.def)             Requested size: 614.58406pt x 795.3441pt.
File: Project2.pdf Graphic file (type pdf)
 <use Project2.pdf, page 22>
Package pdftex.def Info: Project2.pdf, page22 used on input line 463.
(pdftex.def)             Requested size: 614.58406pt x 795.3441pt.
File: Project2.pdf Graphic file (type pdf)

<use Project2.pdf, page 22>
Package pdftex.def Info: Project2.pdf, page22 used on input line 463.
(pdftex.def)             Requested size: 614.58406pt x 795.3441pt.
 [33 <./Project2.pdf

pdfTeX warning: /Library/TeX/texbin/pdflatex (file ./Project2.pdf): PDF inclusi
on: invalid other resource which is no dict (key 'ProcSets', type <array>); ign
ored.
>] <Project2.pdf, id=204, page=23, 614.295pt x 794.97pt>
File: Project2.pdf Graphic file (type pdf)

<use Project2.pdf, page 23>
Package pdftex.def Info: Project2.pdf, page23 used on input line 463.
(pdftex.def)             Requested size: 614.58406pt x 795.3441pt.
File: Project2.pdf Graphic file (type pdf)
 <use Project2.pdf, page 23>
Package pdftex.def Info: Project2.pdf, page23 used on input line 463.
(pdftex.def)             Requested size: 614.58406pt x 795.3441pt.
File: Project2.pdf Graphic file (type pdf)

<use Project2.pdf, page 23>
Package pdftex.def Info: Project2.pdf, page23 used on input line 463.
(pdftex.def)             Requested size: 614.58406pt x 795.3441pt.
 [34 <./Project2.pdf

pdfTeX warning: /Library/TeX/texbin/pdflatex (file ./Project2.pdf): PDF inclusi
on: invalid other resource which is no dict (key 'ProcSets', type <array>); ign
ored.
>] <Project2.pdf, id=208, page=24, 614.295pt x 794.97pt>
File: Project2.pdf Graphic file (type pdf)

<use Project2.pdf, page 24>
Package pdftex.def Info: Project2.pdf, page24 used on input line 463.
(pdftex.def)             Requested size: 614.58406pt x 795.3441pt.
File: Project2.pdf Graphic file (type pdf)
 <use Project2.pdf, page 24>
Package pdftex.def Info: Project2.pdf, page24 used on input line 463.
(pdftex.def)             Requested size: 614.58406pt x 795.3441pt.
File: Project2.pdf Graphic file (type pdf)

<use Project2.pdf, page 24>
Package pdftex.def Info: Project2.pdf, page24 used on input line 463.
(pdftex.def)             Requested size: 614.58406pt x 795.3441pt.
 [35 <./Project2.pdf

pdfTeX warning: /Library/TeX/texbin/pdflatex (file ./Project2.pdf): PDF inclusi
on: invalid other resource which is no dict (key 'ProcSets', type <array>); ign
ored.
>] (./final_report.aux) ) 
Here is how much of TeX's memory you used:
 9974 strings out of 493014
 145175 string characters out of 6133351
 278483 words of memory out of 5000000
 13156 multiletter control sequences out of 15000+600000
 34626 words of font info for 165 fonts, out of 8000000 for 9000
 1141 hyphenation exceptions out of 8191
 42i,18n,46p,1262b,1102s stack positions out of 5000i,500n,10000p,200000b,80000s
{/usr/local/texlive/2016/texmf-dist/fonts/enc/dvips/mn
symbol/MnSymbolC.enc}{/usr/local/texlive/2016/texmf-dist/fonts/enc/dvips/mnsymb
ol/MnSymbolE.enc}{/usr/local/texlive/2016/texmf-dist/fonts/enc/dvips/mnsymbol/M
nSymbolD.enc}</usr/local/texlive/2016/texmf-dist/fonts/type1/public/mnsymbol/Mn
Symbol10.pfb></usr/local/texlive/2016/texmf-dist/fonts/type1/public/mnsymbol/Mn
Symbol7.pfb></usr/local/texlive/2016/texmf-dist/fonts/type1/public/amsfonts/cm/
cmbx10.pfb></usr/local/texlive/2016/texmf-dist/fonts/type1/public/amsfonts/cm/c
mbx12.pfb></usr/local/texlive/2016/texmf-dist/fonts/type1/public/amsfonts/cm/cm
bx9.pfb></usr/local/texlive/2016/texmf-dist/fonts/type1/public/amsfonts/cm/cmmi
10.pfb></usr/local/texlive/2016/texmf-dist/fonts/type1/public/amsfonts/cm/cmmi1
2.pfb></usr/local/texlive/2016/texmf-dist/fonts/type1/public/amsfonts/cm/cmmi7.
pfb></usr/local/texlive/2016/texmf-dist/fonts/type1/public/amsfonts/cm/cmmi9.pf
b></usr/local/texlive/2016/texmf-dist/fonts/type1/public/amsfonts/cm/cmr10.pfb>
</usr/local/texlive/2016/texmf-dist/fonts/type1/public/amsfonts/cm/cmr12.pfb></
usr/local/texlive/2016/texmf-dist/fonts/type1/public/amsfonts/cm/cmr17.pfb></us
r/local/texlive/2016/texmf-dist/fonts/type1/public/amsfonts/cm/cmr5.pfb></usr/l
ocal/texlive/2016/texmf-dist/fonts/type1/public/amsfonts/cm/cmr7.pfb></usr/loca
l/texlive/2016/texmf-dist/fonts/type1/public/amsfonts/cm/cmr9.pfb></usr/local/t
exlive/2016/texmf-dist/fonts/type1/public/amsfonts/cm/cmti10.pfb></usr/local/te
xlive/2016/texmf-dist/fonts/type1/public/amsfonts/cm/cmtt10.pfb></usr/local/tex
live/2016/texmf-dist/fonts/type1/public/wasy2-ps/wasy10.pfb>
Output written on final_report.pdf (35 pages, 433736 bytes).
PDF statistics:
 281 PDF objects out of 1000 (max. 8388607)
 167 compressed objects within 2 object streams
 0 named destinations out of 1000 (max. 500000)
 17544 words of extra memory for PDF output out of 20736 (max. 10000000)

